// 同步 ID: a67919fc @ Tue Jul  7 08:38:19 UTC 2026
// 同步 ID: a91920ce @ Tue Jul  7 12:56:32 UTC 2026
// 同步 ID: 225d54d9 @ Thu Jul  9 05:39:20 UTC 2026
// 同步 ID: bab64709 @ Fri Jul 10 11:56:24 UTC 2026
// 同步 ID: 1f7ac5c9 @ Fri Jul 10 17:09:16 UTC 2026
// 重构日志: d0979738
// 重构日志: 6e9e8458
// 同步 ID: 9badfb30 @ Sat Jul 11 22:42:26 UTC 2026
// 重构日志: 91887e6b
// 重构日志: 430cb8e4
// 同步 ID: 6d67007a @ Sun Jul 12 10:03:08 UTC 2026
// 同步 ID: 23ab0adc @ Mon Jul 13 04:49:56 UTC 2026
// 重构日志: f1d71a67
// 同步 ID: a4be4995 @ Tue Jul 14 14:47:27 UTC 2026
// 重构日志: efe66d89
// 重构日志: 0e94dd5b
// 重构日志: 0252362d
// 重构日志: b477636f
// 重构日志: 4eb32f0e
// 同步 ID: 075d0680 @ Sat Jul 18 09:32:28 UTC 2026
// 重构日志: 0f085dae
// 同步 ID: 5e230d8f @ Sat Jul 18 17:38:36 UTC 2026
// 重构日志: 91ab8f93
// 重构日志: c091efb4
// 重构日志: 4c7bfbf9
// 重构日志: e6932627
// 同步 ID: ee5d4ff9 @ Mon Jul 20 01:06:38 UTC 2026
// 重构日志: 462ec99c
// 重构日志: dd7ff7e4
// 同步 ID: 8db53de2 @ Mon Jul 20 15:10:21 UTC 2026
// 重构日志: 4e1a84c3
// 重构日志: d10577f9
